# JRE version: Java(TM) SE Runtime Environment (8.0_152-b16) (build 1.8.0_152-b16)
# Java VM: Java HotSpot(TM) 64-Bit Server VM (25.152-b16 mixed mode windows-amd64 compressed oops)
Heap:
 PSYoungGen      total 374784K, used 26801K [0x000000076b400000, 0x0000000784780000, 0x00000007c0000000)
  eden space 340992K, 0% used [0x000000076b400000,0x000000076b400000,0x0000000780100000)
  from space 33792K, 79% used [0x0000000780100000,0x0000000781b2c728,0x0000000782200000)
  to   space 35328K, 0% used [0x0000000782500000,0x0000000782500000,0x0000000784780000)
 ParOldGen       total 151552K, used 42020K [0x00000006c1c00000, 0x00000006cb000000, 0x000000076b400000)
  object space 151552K, 27% used [0x00000006c1c00000,0x00000006c45091c0,0x00000006cb000000)
 Metaspace       used 29340K, capacity 30246K, committed 30512K, reserved 1077248K
  class space    used 3290K, capacity 3543K, committed 3632K, reserved 1048576K
GC Heap History (10 events):
Event: 5.653 GC heap before
{Heap before GC invocations=5 (full 0):
 PSYoungGen      total 141824K, used 141800K [0x000000076b400000, 0x0000000774900000, 0x00000007c0000000)
  eden space 131072K, 100% used [0x000000076b400000,0x0000000773400000,0x0000000773400000)
  from space 10752K, 99% used [0x0000000773e80000,0x00000007748fa080,0x0000000774900000)
  to   space 10752K, 0% used [0x0000000773400000,0x0000000773400000,0x0000000773e80000)
 ParOldGen       total 175104K, used 10896K [0x00000006c1c00000, 0x00000006cc700000, 0x000000076b400000)
  object space 175104K, 6% used [0x00000006c1c00000,0x00000006c26a4180,0x00000006cc700000)
 Metaspace       used 17444K, capacity 17876K, committed 18048K, reserved 1064960K
  class space    used 2013K, capacity 2155K, committed 2176K, reserved 1048576K
Event: 5.671 GC heap after
Heap after GC invocations=5 (full 0):
 PSYoungGen      total 141824K, used 10736K [0x000000076b400000, 0x000000077e300000, 0x00000007c0000000)
  eden space 131072K, 0% used [0x000000076b400000,0x000000076b400000,0x0000000773400000)
  from space 10752K, 99% used [0x0000000773400000,0x0000000773e7c010,0x0000000773e80000)
  to   space 24064K, 0% used [0x000000077cb80000,0x000000077cb80000,0x000000077e300000)
 ParOldGen       total 175104K, used 22457K [0x00000006c1c00000, 0x00000006cc700000, 0x000000076b400000)
  object space 175104K, 12% used [0x00000006c1c00000,0x00000006c31ee768,0x00000006cc700000)
 Metaspace       used 17444K, capacity 17876K, committed 18048K, reserved 1064960K
  class space    used 2013K, capacity 2155K, committed 2176K, reserved 1048576K
}
Event: 6.165 GC heap before
{Heap before GC invocations=6 (full 0):
 PSYoungGen      total 141824K, used 34255K [0x000000076b400000, 0x000000077e300000, 0x00000007c0000000)
  eden space 131072K, 17% used [0x000000076b400000,0x000000076caf7c88,0x0000000773400000)
  from space 10752K, 99% used [0x0000000773400000,0x0000000773e7c010,0x0000000773e80000)
  to   space 24064K, 0% used [0x000000077cb80000,0x000000077cb80000,0x000000077e300000)
 ParOldGen       total 175104K, used 22457K [0x00000006c1c00000, 0x00000006cc700000, 0x000000076b400000)
  object space 175104K, 12% used [0x00000006c1c00000,0x00000006c31ee768,0x00000006cc700000)
 Metaspace       used 20671K, capacity 21204K, committed 21296K, reserved 1069056K
  class space    used 2450K, capacity 2587K, committed 2608K, reserved 1048576K
Event: 6.176 GC heap after
Heap after GC invocations=6 (full 0):
 PSYoungGen      total 285184K, used 12396K [0x000000076b400000, 0x000000077e200000, 0x00000007c0000000)
  eden space 262144K, 0% used [0x000000076b400000,0x000000076b400000,0x000000077b400000)
  from space 23040K, 53% used [0x000000077cb80000,0x000000077d79b390,0x000000077e200000)
  to   space 23552K, 0% used [0x000000077b400000,0x000000077b400000,0x000000077cb00000)
 ParOldGen       total 175104K, used 22465K [0x00000006c1c00000, 0x00000006cc700000, 0x000000076b400000)
  object space 175104K, 12% used [0x00000006c1c00000,0x00000006c31f0768,0x00000006cc700000)
 Metaspace       used 20671K, capacity 21204K, committed 21296K, reserved 1069056K
  class space    used 2450K, capacity 2587K, committed 2608K, reserved 1048576K
}
Event: 6.176 GC heap before
{Heap before GC invocations=7 (full 1):
 PSYoungGen      total 285184K, used 12396K [0x000000076b400000, 0x000000077e200000, 0x00000007c0000000)
  eden space 262144K, 0% used [0x000000076b400000,0x000000076b400000,0x000000077b400000)
  from space 23040K, 53% used [0x000000077cb80000,0x000000077d79b390,0x000000077e200000)
  to   space 23552K, 0% used [0x000000077b400000,0x000000077b400000,0x000000077cb00000)
 ParOldGen       total 175104K, used 22465K [0x00000006c1c00000, 0x00000006cc700000, 0x000000076b400000)
  object space 175104K, 12% used [0x00000006c1c00000,0x00000006c31f0768,0x00000006cc700000)
 Metaspace       used 20671K, capacity 21204K, committed 21296K, reserved 1069056K
  class space    used 2450K, capacity 2587K, committed 2608K, reserved 1048576K
Event: 6.353 GC heap after
Heap after GC invocations=7 (full 1):
 PSYoungGen      total 285184K, used 0K [0x000000076b400000, 0x000000077e200000, 0x00000007c0000000)
  eden space 262144K, 0% used [0x000000076b400000,0x000000076b400000,0x000000077b400000)
  from space 23040K, 0% used [0x000000077cb80000,0x000000077cb80000,0x000000077e200000)
  to   space 23552K, 0% used [0x000000077b400000,0x000000077b400000,0x000000077cb00000)
 ParOldGen       total 151552K, used 31774K [0x00000006c1c00000, 0x00000006cb000000, 0x000000076b400000)
  object space 151552K, 20% used [0x00000006c1c00000,0x00000006c3b07b18,0x00000006cb000000)
 Metaspace       used 20671K, capacity 21204K, committed 21296K, reserved 1069056K
  class space    used 2450K, capacity 2587K, committed 2608K, reserved 1048576K
}
Event: 8.760 GC heap before
{Heap before GC invocations=8 (full 1):
 PSYoungGen      total 285184K, used 262144K [0x000000076b400000, 0x000000077e200000, 0x00000007c0000000)
  eden space 262144K, 100% used [0x000000076b400000,0x000000077b400000,0x000000077b400000)
  from space 23040K, 0% used [0x000000077cb80000,0x000000077cb80000,0x000000077e200000)
  to   space 23552K, 0% used [0x000000077b400000,0x000000077b400000,0x000000077cb00000)
 ParOldGen       total 151552K, used 31774K [0x00000006c1c00000, 0x00000006cb000000, 0x000000076b400000)
  object space 151552K, 20% used [0x00000006c1c00000,0x00000006c3b07b18,0x00000006cb000000)
 Metaspace       used 24628K, capacity 25378K, committed 25648K, reserved 1071104K
  class space    used 2842K, capacity 3013K, committed 3120K, reserved 1048576K
Event: 8.776 GC heap after
Heap after GC invocations=8 (full 1):
 PSYoungGen      total 285696K, used 22187K [0x000000076b400000, 0x0000000783b80000, 0x00000007c0000000)
  eden space 262144K, 0% used [0x000000076b400000,0x000000076b400000,0x000000077b400000)
  from space 23552K, 94% used [0x000000077b400000,0x000000077c9aad00,0x000000077cb00000)
  to   space 26112K, 0% used [0x0000000782200000,0x0000000782200000,0x0000000783b80000)
 ParOldGen       total 151552K, used 31782K [0x00000006c1c00000, 0x00000006cb000000, 0x000000076b400000)
  object space 151552K, 20% used [0x00000006c1c00000,0x00000006c3b09b18,0x00000006cb000000)
 Metaspace       used 24628K, capacity 25378K, committed 25648K, reserved 1071104K
  class space    used 2842K, capacity 3013K, committed 3120K, reserved 1048576K
}
Event: 12.366 GC heap before
{Heap before GC invocations=9 (full 1):
 PSYoungGen      total 285696K, used 284331K [0x000000076b400000, 0x0000000783b80000, 0x00000007c0000000)
  eden space 262144K, 100% used [0x000000076b400000,0x000000077b400000,0x000000077b400000)
  from space 23552K, 94% used [0x000000077b400000,0x000000077c9aad00,0x000000077cb00000)
  to   space 26112K, 0% used [0x0000000782200000,0x0000000782200000,0x0000000783b80000)
 ParOldGen       total 151552K, used 31782K [0x00000006c1c00000, 0x00000006cb000000, 0x000000076b400000)
  object space 151552K, 20% used [0x00000006c1c00000,0x00000006c3b09b18,0x00000006cb000000)
 Metaspace       used 28594K, capacity 29510K, committed 29616K, reserved 1075200K
  class space    used 3215K, capacity 3447K, committed 3504K, reserved 1048576K
Event: 12.395 GC heap after
Heap after GC invocations=9 (full 1):
 PSYoungGen      total 367104K, used 26106K [0x000000076b400000, 0x0000000784480000, 0x00000007c0000000)
  eden space 340992K, 0% used [0x000000076b400000,0x000000076b400000,0x0000000780100000)
  from space 26112K, 99% used [0x0000000782200000,0x0000000783b7ea60,0x0000000783b80000)
  to   space 33792K, 0% used [0x0000000780100000,0x0000000780100000,0x0000000782200000)
 ParOldGen       total 151552K, used 42012K [0x00000006c1c00000, 0x00000006cb000000, 0x000000076b400000)
  object space 151552K, 27% used [0x00000006c1c00000,0x00000006c45071c0,0x00000006cb000000)
 Metaspace       used 28594K, capacity 29510K, committed 29616K, reserved 1075200K
  class space    used 3215K, capacity 3447K, committed 3504K, reserved 1048576K
}

